app/build/intermediates/manifest_merge_blame_file/debug/processDebugMainManifest/manifest-merger-blame-debug-report.txt
1<?xml version="1.0" encoding="utf-8"?>
2<manifest xmlns:android="http://schemas.android.com/apk/res/android"
3    package="com.bhumit.jarvis"
4    android:versionCode="1"
5    android:versionName="1.0" >
6
7    <uses-sdk
8        android:minSdkVersion="26"
9        android:targetSdkVersion="35" />
10
11    <uses-permission android:name="android.permission.RECORD_AUDIO" />
11-->src/main/AndroidManifest.xml:3:5-71
11-->src/main/AndroidManifest.xml:3:22-68
12
13    <application
13-->src/main/AndroidManifest.xml:5:5-22:19
14        android:allowBackup="true"
14-->src/main/AndroidManifest.xml:6:9-35
15        android:debuggable="true"
16        android:extractNativeLibs="false"
17        android:label="JARVIS"
17-->src/main/AndroidManifest.xml:7:9-31
18        android:supportsRtl="true"
18-->src/main/AndroidManifest.xml:8:9-35
19        android:theme="@style/AppTheme" >
19-->src/main/AndroidManifest.xml:9:9-40
20        <activity
20-->src/main/AndroidManifest.xml:11:9-20:20
21            android:name="com.bhumit.jarvis.MainActivity"
21-->src/main/AndroidManifest.xml:12:13-41
22            android:exported="true" >
22-->src/main/AndroidManifest.xml:13:13-36
23            <intent-filter>
23-->src/main/AndroidManifest.xml:15:13-18:29
24                <action android:name="android.intent.action.MAIN" />
24-->src/main/AndroidManifest.xml:16:17-69
24-->src/main/AndroidManifest.xml:16:25-66
25
26                <category android:name="android.intent.category.LAUNCHER" />
26-->src/main/AndroidManifest.xml:17:17-77
26-->src/main/AndroidManifest.xml:17:27-74
27            </intent-filter>
28        </activity>
29    </application>
30
31</manifest>